<?xml version="1.0" encoding="UTF-8"?>
<!-- Generated by org.testng.reporters.JUnitReportReporter -->
<testsuite hostname="LAPTOP-NPEQ6NRP" failures="0" tests="1" name="packageofamazon.Project_Maven_Amazon.Testcase1" time="26.006" errors="0" timestamp="2025-01-29T12:18:06 IST" skipped="0">
  <testcase classname="packageofamazon.Project_Maven_Amazon.Testcase1" name="login_searchproduct_logout" time="26.006"/>
  <system-out/>
</testsuite> <!-- packageofamazon.Project_Maven_Amazon.Testcase1 -->
