<?xml version="1.0" encoding="UTF-8"?>
<!-- Generated by org.testng.reporters.JUnitReportReporter -->
<testsuite hostname="LAPTOP-NPEQ6NRP" failures="0" tests="4" name="testNg_gtmlearning.Priority_SetTestcases" time="0.029" errors="0" timestamp="2025-01-07T11:22:24 IST" skipped="0">
  <testcase classname="testNg_gtmlearning.Priority_SetTestcases" name="login" time="0.021"/>
  <system-out/>
  <testcase classname="testNg_gtmlearning.Priority_SetTestcases" name="useredit" time="0.002"/>
  <system-out/>
  <testcase classname="testNg_gtmlearning.Priority_SetTestcases" name="logout" time="0.002"/>
  <system-out/>
  <testcase classname="testNg_gtmlearning.Priority_SetTestcases" name="registration" time="0.004"/>
  <system-out/>
</testsuite> <!-- testNg_gtmlearning.Priority_SetTestcases -->
