<?xml version="1.0" encoding="UTF-8"?>
<!-- Generated by org.testng.reporters.JUnitReportReporter -->
<testsuite hostname="LAPTOP-NPEQ6NRP" failures="0" tests="3" name="assignment_testng.Assignment101_Multipletests_Executionorder" time="0.029" errors="0" timestamp="2025-02-09T20:19:13 IST" skipped="0">
  <testcase classname="assignment_testng.Assignment101_Multipletests_Executionorder" name="login" time="0.025"/>
  <system-out/>
  <testcase classname="assignment_testng.Assignment101_Multipletests_Executionorder" name="searchproduct" time="0.002"/>
  <system-out/>
  <testcase classname="assignment_testng.Assignment101_Multipletests_Executionorder" name="logout" time="0.002"/>
  <system-out/>
</testsuite> <!-- assignment_testng.Assignment101_Multipletests_Executionorder -->
