<?xml version="1.0" encoding="UTF-8"?>
<!-- Generated by org.testng.reporters.JUnitReportReporter -->
<testsuite hostname="LAPTOP-NPEQ6NRP" failures="0" tests="1" name="dataprovider_annotation.Secondtest" time="11.450" errors="0" timestamp="2025-01-21T11:44:47 IST" skipped="0">
  <testcase classname="dataprovider_annotation.Secondtest" name="Testcase2" time="11.450"/>
  <system-out/>
</testsuite> <!-- dataprovider_annotation.Secondtest -->
