<?xml version="1.0" encoding="UTF-8"?>
<!-- Generated by org.testng.reporters.JUnitReportReporter -->
<testsuite hostname="LAPTOP-NPEQ6NRP" failures="0" tests="1" name="assignment_testng.Assignment104_Amazon_LoginLogout_Assertion" time="28.724" errors="0" timestamp="2025-02-09T20:32:24 IST" skipped="0">
  <testcase classname="assignment_testng.Assignment104_Amazon_LoginLogout_Assertion" name="loginlogout" time="28.724"/>
  <system-out/>
</testsuite> <!-- assignment_testng.Assignment104_Amazon_LoginLogout_Assertion -->
