<?xml version="1.0" encoding="UTF-8"?>
<!-- Generated by org.testng.reporters.JUnitReportReporter -->
<testsuite hostname="LAPTOP-NPEQ6NRP" failures="0" tests="1" name="testNg_gtmlearning.Execution" time="0.038" errors="0" timestamp="2025-01-03T07:27:37 IST" skipped="0">
  <testcase classname="testNg_gtmlearning.Execution" name="testcase1" time="0.038"/>
  <system-out/>
</testsuite> <!-- testNg_gtmlearning.Execution -->
