<?xml version="1.0" encoding="UTF-8"?>
<!-- Generated by org.testng.reporters.JUnitReportReporter -->
<testsuite hostname="LAPTOP-NPEQ6NRP" failures="0" tests="5" name="dataprovider_annotation.RowColumn_Otherway" time="84.940" errors="0" timestamp="2025-01-21T14:07:08 IST" skipped="0">
  <testcase classname="dataprovider_annotation.RowColumn_Otherway" name="Searchproducts" time="15.102"/>
  <system-out/>
  <testcase classname="dataprovider_annotation.RowColumn_Otherway" name="Searchproducts" time="17.627"/>
  <system-out/>
  <testcase classname="dataprovider_annotation.RowColumn_Otherway" name="Searchproducts" time="17.193"/>
  <system-out/>
  <testcase classname="dataprovider_annotation.RowColumn_Otherway" name="Searchproducts" time="17.729"/>
  <system-out/>
  <testcase classname="dataprovider_annotation.RowColumn_Otherway" name="Searchproducts" time="17.289"/>
  <system-out/>
</testsuite> <!-- dataprovider_annotation.RowColumn_Otherway -->
