<?xml version="1.0" encoding="UTF-8"?>
<!-- Generated by org.testng.reporters.JUnitReportReporter -->
<testsuite hostname="LAPTOP-NPEQ6NRP" failures="0" tests="5" name="testNg_gtmlearning.InvocationCount" time="0.028" errors="0" timestamp="2025-01-07T11:24:06 IST" skipped="1">
  <testcase classname="testNg_gtmlearning.InvocationCount" name="login" time="0.020"/>
  <system-out/>
  <testcase classname="testNg_gtmlearning.InvocationCount" name="login" time="0.003"/>
  <system-out/>
  <testcase classname="testNg_gtmlearning.InvocationCount" name="useredit" time="0.002"/>
  <system-out/>
  <testcase classname="testNg_gtmlearning.InvocationCount" name="logout" time="0.003"/>
  <system-out/>
  <testcase classname="testNg_gtmlearning.InvocationCount" name="registration">
    <skipped/>
  </testcase> <!-- registration -->
  <system-out/>
</testsuite> <!-- testNg_gtmlearning.InvocationCount -->
