<?xml version="1.0" encoding="UTF-8"?>
<!-- Generated by org.testng.reporters.JUnitReportReporter -->
<testsuite hostname="LAPTOP-NPEQ6NRP" failures="0" tests="1" name="testNg_gtmlearning.Testcase_one" time="0.034" errors="0" timestamp="2025-01-02T16:03:56 IST" skipped="0">
  <testcase classname="testNg_gtmlearning.Testcase_one" name="add" time="0.034"/>
  <system-out/>
</testsuite> <!-- testNg_gtmlearning.Testcase_one -->
