<?xml version="1.0" encoding="UTF-8"?>
<!-- Generated by org.testng.reporters.JUnitReportReporter -->
<testsuite hostname="LAPTOP-NPEQ6NRP" failures="0" tests="1" name="assignment_testng.Assignment103_Amazon_Addtocart_Assertion" time="33.378" errors="0" timestamp="2025-02-09T20:23:39 IST" skipped="0">
  <testcase classname="assignment_testng.Assignment103_Amazon_Addtocart_Assertion" name="addtocart" time="33.378"/>
  <system-out/>
</testsuite> <!-- assignment_testng.Assignment103_Amazon_Addtocart_Assertion -->
