<?xml version="1.0" encoding="UTF-8"?>
<!-- Generated by org.testng.reporters.JUnitReportReporter -->
<testsuite hostname="LAPTOP-NPEQ6NRP" failures="0" tests="1" name="packageofamazon.Project_Maven_Amazon.TestCase2" time="47.092" errors="0" timestamp="2025-01-25T18:09:04 IST" skipped="0">
  <testcase classname="packageofamazon.Project_Maven_Amazon.TestCase2" name="login_searching_wishlist_cart" time="47.092"/>
  <system-out/>
</testsuite> <!-- packageofamazon.Project_Maven_Amazon.TestCase2 -->
