<?xml version="1.0" encoding="UTF-8"?>
<!-- Generated by org.testng.reporters.JUnitReportReporter -->
<testsuite hostname="LAPTOP-NPEQ6NRP" failures="0" tests="2" name="testNg_gtmlearning.GroupingTestcase" time="0.024" errors="0" timestamp="2025-01-27T17:56:30 IST" skipped="0">
  <testcase classname="testNg_gtmlearning.GroupingTestcase" name="testcase1" time="0.022"/>
  <system-out/>
  <testcase classname="testNg_gtmlearning.GroupingTestcase" name="testcase4" time="0.002"/>
  <system-out/>
</testsuite> <!-- testNg_gtmlearning.GroupingTestcase -->
