<?xml version="1.0" encoding="UTF-8"?>
<!-- Generated by org.testng.reporters.JUnitReportReporter -->
<testsuite hostname="LAPTOP-NPEQ6NRP" failures="0" tests="5" name="dataprovider_annotation.Amazon_Search_5Products" time="83.543" errors="0" timestamp="2025-01-21T12:49:57 IST" skipped="0">
  <testcase classname="dataprovider_annotation.Amazon_Search_5Products" name="Searchproducts" time="19.125"/>
  <system-out/>
  <testcase classname="dataprovider_annotation.Amazon_Search_5Products" name="Searchproducts" time="17.546"/>
  <system-out/>
  <testcase classname="dataprovider_annotation.Amazon_Search_5Products" name="Searchproducts" time="15.791"/>
  <system-out/>
  <testcase classname="dataprovider_annotation.Amazon_Search_5Products" name="Searchproducts" time="15.854"/>
  <system-out/>
  <testcase classname="dataprovider_annotation.Amazon_Search_5Products" name="Searchproducts" time="15.227"/>
  <system-out/>
</testsuite> <!-- dataprovider_annotation.Amazon_Search_5Products -->
