<?xml version="1.0" encoding="UTF-8"?>
<!-- Generated by org.testng.reporters.JUnitReportReporter -->
<testsuite hostname="LAPTOP-NPEQ6NRP" failures="0" tests="1" name="testNg_gtmlearning.Amazon" time="30.339" errors="0" timestamp="2025-01-13T06:50:59 IST" skipped="0">
  <testcase classname="testNg_gtmlearning.Amazon" name="login" time="30.339"/>
  <system-out/>
</testsuite> <!-- testNg_gtmlearning.Amazon -->
