<?xml version="1.0" encoding="UTF-8"?>
<!-- Generated by org.testng.reporters.JUnitReportReporter -->
<testsuite hostname="LAPTOP-NPEQ6NRP" failures="0" tests="8" name="testNg_gtmlearning.InvocationCount_enabled_priority" time="0.032" errors="0" timestamp="2025-01-07T11:25:22 IST" skipped="1">
  <testcase classname="testNg_gtmlearning.InvocationCount_enabled_priority" name="login" time="0.020"/>
  <system-out/>
  <testcase classname="testNg_gtmlearning.InvocationCount_enabled_priority" name="login" time="0.002"/>
  <system-out/>
  <testcase classname="testNg_gtmlearning.InvocationCount_enabled_priority" name="login" time="0.002"/>
  <system-out/>
  <testcase classname="testNg_gtmlearning.InvocationCount_enabled_priority" name="login" time="0.001"/>
  <system-out/>
  <testcase classname="testNg_gtmlearning.InvocationCount_enabled_priority" name="useredit" time="0.003"/>
  <system-out/>
  <testcase classname="testNg_gtmlearning.InvocationCount_enabled_priority" name="logout" time="0.002"/>
  <system-out/>
  <testcase classname="testNg_gtmlearning.InvocationCount_enabled_priority" name="logout" time="0.002"/>
  <system-out/>
  <testcase classname="testNg_gtmlearning.InvocationCount_enabled_priority" name="registration">
    <skipped/>
  </testcase> <!-- registration -->
  <system-out/>
</testsuite> <!-- testNg_gtmlearning.InvocationCount_enabled_priority -->
