<?xml version="1.0" encoding="UTF-8"?>
<!-- Generated by org.testng.reporters.JUnitReportReporter -->
<testsuite hostname="LAPTOP-NPEQ6NRP" failures="0" tests="5" name="dataprovider_annotation.Multiple_Datasets" time="76.859" errors="0" timestamp="2025-01-21T13:58:46 IST" skipped="0">
  <testcase classname="dataprovider_annotation.Multiple_Datasets" name="Searchproducts" time="14.591"/>
  <system-out/>
  <testcase classname="dataprovider_annotation.Multiple_Datasets" name="Searchproducts" time="14.211"/>
  <system-out/>
  <testcase classname="dataprovider_annotation.Multiple_Datasets" name="Searchproducts" time="15.457"/>
  <system-out/>
  <testcase classname="dataprovider_annotation.Multiple_Datasets" name="Searchproducts" time="17.866"/>
  <system-out/>
  <testcase classname="dataprovider_annotation.Multiple_Datasets" name="Searchproducts" time="14.734"/>
  <system-out/>
</testsuite> <!-- dataprovider_annotation.Multiple_Datasets -->
