<?xml version="1.0" encoding="UTF-8"?>
<!-- Generated by org.testng.reporters.JUnitReportReporter -->
<testsuite hostname="LAPTOP-NPEQ6NRP" failures="0" tests="1" name="assignment_testng.Assignment111_Youtube_Iframe" time="13.327" errors="0" timestamp="2025-02-16T01:04:21 IST" skipped="0">
  <testcase classname="assignment_testng.Assignment111_Youtube_Iframe" name="openYouTubeFromGoogleApps" time="13.327"/>
  <system-out/>
</testsuite> <!-- assignment_testng.Assignment111_Youtube_Iframe -->
