<?xml version="1.0" encoding="UTF-8"?>
<!-- Generated by org.testng.reporters.JUnitReportReporter -->
<testsuite hostname="LAPTOP-NPEQ6NRP" failures="0" tests="3" name="testNg_gtmlearning.CrossBrowser_ParallelTest" time="45.231" errors="0" timestamp="2025-01-17T07:36:06 IST" skipped="0">
  <testcase classname="testNg_gtmlearning.CrossBrowser_ParallelTest" name="testcase1" time="24.144"/>
  <system-out/>
  <testcase classname="testNg_gtmlearning.CrossBrowser_ParallelTest" name="testcase1" time="8.900"/>
  <system-out/>
  <testcase classname="testNg_gtmlearning.CrossBrowser_ParallelTest" name="testcase1" time="12.187"/>
  <system-out/>
</testsuite> <!-- testNg_gtmlearning.CrossBrowser_ParallelTest -->
