<?xml version="1.0" encoding="UTF-8"?>
<!-- Generated by org.testng.reporters.JUnitReportReporter -->
<testsuite hostname="LAPTOP-NPEQ6NRP" failures="0" tests="1" name="launchquit_multipletc.Firsttest" time="8.160" errors="0" timestamp="2025-01-21T11:52:45 IST" skipped="0">
  <testcase classname="launchquit_multipletc.Firsttest" name="Testcase1" time="8.160"/>
  <system-out/>
</testsuite> <!-- launchquit_multipletc.Firsttest -->
