<?xml version="1.0" encoding="UTF-8"?>
<!-- Generated by org.testng.reporters.JUnitReportReporter -->
<testsuite hostname="LAPTOP-NPEQ6NRP" failures="0" tests="1" name="dataprovider_annotation.Firsttest" time="9.713" errors="0" timestamp="2025-01-21T11:38:47 IST" skipped="0">
  <testcase classname="dataprovider_annotation.Firsttest" name="Testcase1" time="9.713"/>
  <system-out/>
</testsuite> <!-- dataprovider_annotation.Firsttest -->
