<?xml version="1.0" encoding="UTF-8"?>
<!-- Generated by org.testng.reporters.JUnitReportReporter -->
<testsuite hostname="LAPTOP-NPEQ6NRP" failures="0" tests="1" name="testNg_gtmlearning.Shadow_DOM" time="16.483" errors="0" timestamp="2025-02-10T07:45:23 IST" skipped="0">
  <testcase classname="testNg_gtmlearning.Shadow_DOM" name="shadow" time="16.483"/>
  <system-out/>
</testsuite> <!-- testNg_gtmlearning.Shadow_DOM -->
