<?xml version="1.0" encoding="UTF-8"?>
<!-- Generated by org.testng.reporters.JUnitReportReporter -->
<testsuite hostname="LAPTOP-NPEQ6NRP" failures="0" tests="1" name="pom_java_test.TestCase1_LoginToFacebook" time="8.059" errors="0" timestamp="2025-01-23T09:39:38 IST" skipped="0">
  <testcase classname="pom_java_test.TestCase1_LoginToFacebook" name="loginwithcorrectcredentials" time="8.059"/>
  <system-out/>
</testsuite> <!-- pom_java_test.TestCase1_LoginToFacebook -->
