<?xml version="1.0" encoding="UTF-8"?>
<!-- Generated by org.testng.reporters.JUnitReportReporter -->
<testsuite hostname="LAPTOP-NPEQ6NRP" failures="0" tests="1" name="assignment_testng.GoogleAppsYouTubeTest" time="9.787" errors="0" timestamp="2025-02-16T01:02:13 IST" skipped="0">
  <testcase classname="assignment_testng.GoogleAppsYouTubeTest" name="openYouTubeFromGoogleApps" time="9.787"/>
  <system-out/>
</testsuite> <!-- assignment_testng.GoogleAppsYouTubeTest -->
