<?xml version="1.0" encoding="UTF-8"?>
<!-- Generated by org.testng.reporters.JUnitReportReporter -->
<testsuite hostname="LAPTOP-NPEQ6NRP" failures="0" tests="8" name="assignment_testng.Assignment102_DataProvider_AmazonRegistration" time="79.986" errors="0" timestamp="2025-02-09T20:21:24 IST" skipped="0">
  <testcase classname="assignment_testng.Assignment102_DataProvider_AmazonRegistration" name="registration" time="8.989"/>
  <system-out/>
  <testcase classname="assignment_testng.Assignment102_DataProvider_AmazonRegistration" name="registration" time="8.977"/>
  <system-out/>
  <testcase classname="assignment_testng.Assignment102_DataProvider_AmazonRegistration" name="registration" time="11.701"/>
  <system-out/>
  <testcase classname="assignment_testng.Assignment102_DataProvider_AmazonRegistration" name="registration" time="9.239"/>
  <system-out/>
  <testcase classname="assignment_testng.Assignment102_DataProvider_AmazonRegistration" name="registration" time="10.994"/>
  <system-out/>
  <testcase classname="assignment_testng.Assignment102_DataProvider_AmazonRegistration" name="registration" time="9.827"/>
  <system-out/>
  <testcase classname="assignment_testng.Assignment102_DataProvider_AmazonRegistration" name="registration" time="10.770"/>
  <system-out/>
  <testcase classname="assignment_testng.Assignment102_DataProvider_AmazonRegistration" name="registration" time="9.489"/>
  <system-out/>
</testsuite> <!-- assignment_testng.Assignment102_DataProvider_AmazonRegistration -->
