<?xml version="1.0" encoding="UTF-8"?>
<!-- Generated by org.testng.reporters.JUnitReportReporter -->
<testsuite hostname="LAPTOP-NPEQ6NRP" failures="0" tests="2" name="testNg_gtmlearning.DependsOnMethod" time="0.028" errors="0" timestamp="2025-01-27T18:01:07 IST" skipped="0">
  <testcase classname="testNg_gtmlearning.DependsOnMethod" name="login" time="0.025"/>
  <system-out/>
  <testcase classname="testNg_gtmlearning.DependsOnMethod" name="logout" time="0.003"/>
  <system-out/>
</testsuite> <!-- testNg_gtmlearning.DependsOnMethod -->
