<?xml version="1.0" encoding="UTF-8"?>
<!-- Generated by org.testng.reporters.JUnitReportReporter -->
<testsuite hostname="LAPTOP-NPEQ6NRP" failures="0" tests="1" name="retrypackage.Itest_Listener" time="20.533" errors="0" timestamp="2025-02-09T20:42:44 IST" skipped="0">
  <testcase classname="retrypackage.Itest_Listener" name="login" time="20.533"/>
  <system-out/>
</testsuite> <!-- retrypackage.Itest_Listener -->
