<?xml version="1.0" encoding="UTF-8"?>
<!-- Generated by org.testng.reporters.JUnitReportReporter -->
<testsuite hostname="LAPTOP-NPEQ6NRP" failures="0" tests="2" name="testNg_gtmlearning.TwoTests_OneMethod_Execution" time="0.055" errors="0" timestamp="2025-02-25T23:52:43 IST" skipped="0">
  <testcase classname="testNg_gtmlearning.TwoTests_OneMethod_Execution" name="userregistration" time="0.027"/>
  <testcase classname="testNg_gtmlearning.TwoTests_OneMethod_Execution" name="edituser" time="0.028"/>
</testsuite> <!-- testNg_gtmlearning.TwoTests_OneMethod_Execution -->
