<?xml version="1.0" encoding="UTF-8"?>
<!-- Generated by org.testng.reporters.JUnitReportReporter -->
<testsuite hostname="LAPTOP-NPEQ6NRP" failures="0" tests="3" name="packageofamazon.Project_Maven_Amazon.TestCase5" time="95.438" errors="0" timestamp="2025-01-28T17:37:35 IST" skipped="2">
  <testcase classname="packageofamazon.Project_Maven_Amazon.TestCase5" name="login_cart_cod_logout" time="22.200">
    <skipped/>
  </testcase> <!-- login_cart_cod_logout -->
  <testcase classname="packageofamazon.Project_Maven_Amazon.TestCase5" name="login_cart_cod_logout" time="19.469">
    <skipped/>
  </testcase> <!-- login_cart_cod_logout -->
  <testcase classname="packageofamazon.Project_Maven_Amazon.TestCase5" name="login_cart_cod_logout" time="53.769"/>
</testsuite> <!-- packageofamazon.Project_Maven_Amazon.TestCase5 -->
