<?xml version="1.0" encoding="UTF-8"?>
<!-- Generated by org.testng.reporters.JUnitReportReporter -->
<testsuite hostname="LAPTOP-NPEQ6NRP" failures="0" tests="1" name="packageofamazon.Project_Maven_Amazon.TestCase3" time="52.099" errors="0" timestamp="2025-01-28T17:37:35 IST" skipped="0">
  <testcase classname="packageofamazon.Project_Maven_Amazon.TestCase3" name="login_searching_wishlist_incProductcart" time="52.099"/>
</testsuite> <!-- packageofamazon.Project_Maven_Amazon.TestCase3 -->
