<?xml version="1.0" encoding="UTF-8"?>
<!-- Generated by org.testng.reporters.JUnitReportReporter -->
<testsuite hostname="LAPTOP-NPEQ6NRP" failures="0" tests="1" name="packageofamazon.Project_Maven_Amazon.TestCase2" time="48.830" errors="0" timestamp="2025-01-28T17:37:35 IST" skipped="0">
  <testcase classname="packageofamazon.Project_Maven_Amazon.TestCase2" name="login_searching_wishlist_cart" time="48.830"/>
</testsuite> <!-- packageofamazon.Project_Maven_Amazon.TestCase2 -->
