<?xml version="1.0" encoding="UTF-8"?>
<!-- Generated by org.testng.reporters.JUnitReportReporter -->
<testsuite hostname="LAPTOP-NPEQ6NRP" failures="0" tests="1" name="packageofamazon.Project_Maven_Amazon.TestCase5" time="66.471" errors="0" timestamp="2025-02-06T21:20:07 IST" skipped="0">
  <testcase classname="packageofamazon.Project_Maven_Amazon.TestCase5" name="login_cart_cod_logout" time="66.471"/>
</testsuite> <!-- packageofamazon.Project_Maven_Amazon.TestCase5 -->
