<?xml version="1.0" encoding="UTF-8"?>
<!-- Generated by org.testng.reporters.JUnitReportReporter -->
<testsuite hostname="LAPTOP-NPEQ6NRP" failures="0" tests="1" name="packageofamazon.Project_Maven_Amazon.Testcase1" time="34.489" errors="0" timestamp="2025-02-06T13:26:10 IST" skipped="0">
  <testcase classname="packageofamazon.Project_Maven_Amazon.Testcase1" name="login_searchproduct_logout" time="34.489"/>
</testsuite> <!-- packageofamazon.Project_Maven_Amazon.Testcase1 -->
